[debug] [2024-12-02T14:58:06.087Z] ----------------------------------------------------------------------
[debug] [2024-12-02T14:58:06.091Z] Command:       C:\Program Files\nodejs\node.exe C:\Users\user\AppData\Roaming\npm\node_modules\firebase-tools\lib\bin\firebase.js init hosting
[debug] [2024-12-02T14:58:06.091Z] CLI Version:   13.27.0
[debug] [2024-12-02T14:58:06.092Z] Platform:      win32
[debug] [2024-12-02T14:58:06.092Z] Node Version:  v20.17.0
[debug] [2024-12-02T14:58:06.092Z] Time:          Mon Dec 02 2024 15:58:06 GMT+0100 (توقيت وسط أوروبا الرسمي)
[debug] [2024-12-02T14:58:06.092Z] ----------------------------------------------------------------------
[debug] 
[debug] [2024-12-02T14:58:06.101Z] > command requires scopes: ["email","openid","https://www.googleapis.com/auth/cloudplatformprojects.readonly","https://www.googleapis.com/auth/firebase","https://www.googleapis.com/auth/cloud-platform"]
[debug] [2024-12-02T14:58:06.101Z] > authorizing via signed-in user (sso1237862@gmail.com)
[info] 
     ######## #### ########  ######## ########     ###     ######  ########
     ##        ##  ##     ## ##       ##     ##  ##   ##  ##       ##
     ######    ##  ########  ######   ########  #########  ######  ######
     ##        ##  ##    ##  ##       ##     ## ##     ##       ## ##
     ##       #### ##     ## ######## ########  ##     ##  ######  ########

You're about to initialize a Firebase project in this directory:

  C:\Users\user\Desktop\hogskolan\cv\portofoljo

[info] 
=== Project Setup
[info] 
[info] First, let's associate this project directory with a Firebase project.
[info] You can create multiple project aliases by running firebase use --add, 
[info] but for now we'll just set up a default project.
[info] 
[debug] [2024-12-02T14:59:00.359Z] Checked if tokens are valid: true, expires at: 1733154925276
[debug] [2024-12-02T14:59:00.359Z] Checked if tokens are valid: true, expires at: 1733154925276
[debug] [2024-12-02T14:59:00.364Z] >>> [apiv2][query] GET https://firebase.googleapis.com/v1beta1/projects pageSize=100
[debug] [2024-12-02T14:59:01.610Z] <<< [apiv2][status] GET https://firebase.googleapis.com/v1beta1/projects 200
[debug] [2024-12-02T14:59:01.611Z] <<< [apiv2][body] GET https://firebase.googleapis.com/v1beta1/projects [omitted]
[info] i  Using project portofoljo (portofoljo) 
[info] 
=== Hosting Setup
[debug] [2024-12-02T14:59:05.170Z] Checked if tokens are valid: true, expires at: 1733154925276
[debug] [2024-12-02T14:59:05.170Z] Checked if tokens are valid: true, expires at: 1733154925276
[debug] [2024-12-02T14:59:05.171Z] >>> [apiv2][query] GET https://firebase.googleapis.com/v1beta1/projects/portofoljo [none]
[debug] [2024-12-02T14:59:05.584Z] <<< [apiv2][status] GET https://firebase.googleapis.com/v1beta1/projects/portofoljo 200
[debug] [2024-12-02T14:59:05.585Z] <<< [apiv2][body] GET https://firebase.googleapis.com/v1beta1/projects/portofoljo {"projectId":"portofoljo","projectNumber":"1000095625097","displayName":"portofoljo","name":"projects/portofoljo","resources":{"hostingSite":"portofoljo"},"state":"ACTIVE","etag":"1_f04524ce-749a-434c-b1d9-adef7e329a08"}
[info] 
[info] Your public directory is the folder (relative to your project directory) that
[info] will contain Hosting assets to be uploaded with firebase deploy. If you
[info] have a build process for your assets, use your build's output directory.
[info] 
[debug] [2024-12-02T15:00:50.159Z] >>> [apiv2][query] GET https://www.gstatic.com/firebasejs/releases.json [none]
[debug] [2024-12-02T15:00:50.810Z] <<< [apiv2][status] GET https://www.gstatic.com/firebasejs/releases.json 200
[debug] [2024-12-02T15:00:50.811Z] <<< [apiv2][body] GET https://www.gstatic.com/firebasejs/releases.json {"current":{"version":"11.0.2","browserURL":"https://www.gstatic.com/firebasejs/11.0.2/firebase.js","packageURL":"https://www.gstatic.com/firebasejs/11.0.2/firebase.tgz"},"live":{"version":"11.0","browserURL":"https://www.gstatic.com/firebasejs/live/11.0/firebase.js","packageURL":"https://www.gstatic.com/firebasejs/live/11.0/firebase.tgz"},"components":{"analytics":"https://www.gstatic.com/firebasejs/11.0.2/firebase-analytics.js","app":"https://www.gstatic.com/firebasejs/11.0.2/firebase-app.js","app-check":"https://www.gstatic.com/firebasejs/11.0.2/firebase-app-check.js","auth":"https://www.gstatic.com/firebasejs/11.0.2/firebase-auth.js","auth/cordova":"https://www.gstatic.com/firebasejs/11.0.2/firebase-auth/cordova.js","auth/web-extension":"https://www.gstatic.com/firebasejs/11.0.2/firebase-auth/web-extension.js","functions":"https://www.gstatic.com/firebasejs/11.0.2/firebase-functions.js","firestore":"https://www.gstatic.com/firebasejs/11.0.2/firebase-firestore.js","firestore/lite":"https://www.gstatic.com/firebasejs/11.0.2/firebase-firestore/lite.js","installations":"https://www.gstatic.com/firebasejs/11.0.2/firebase-installations.js","storage":"https://www.gstatic.com/firebasejs/11.0.2/firebase-storage.js","performance":"https://www.gstatic.com/firebasejs/11.0.2/firebase-performance.js","remote-config":"https://www.gstatic.com/firebasejs/11.0.2/firebase-remote-config.js","messaging":"https://www.gstatic.com/firebasejs/11.0.2/firebase-messaging.js","messaging/sw":"https://www.gstatic.com/firebasejs/11.0.2/firebase-messaging/sw.js","database":"https://www.gstatic.com/firebasejs/11.0.2/firebase-database.js","vertexai":"https://www.gstatic.com/firebasejs/11.0.2/firebase-vertexai.js","data-connect":"https://www.gstatic.com/firebasejs/11.0.2/firebase-data-connect.js","firestore.memory":"https://www.gstatic.com/firebasejs/11.0.2/firebase-firestore.memory.js"}}
[info] +  Wrote public/index.html 
[info] 
[info] i  Didn't detect a .git folder. Assuming C:\Users\user\Desktop\hogskolan\cv\portofoljo is the project root. 
[info] i  Authorizing with GitHub to upload your service account to a GitHub repository's secrets store. 
[info] 
[info] Visit this URL on this device to log in:
[info] https://github.com/login/oauth/authorize?client_id=89cf50f02ac6aaed3484&state=33861371&redirect_uri=http%3A%2F%2Flocalhost%3A9005&scope=read%3Auser%20repo%20public_repo
[info] 
[info] Waiting for authentication...
[debug] [2024-12-02T15:01:15.882Z] >>> [apiv2][query] POST https://github.com/login/oauth/access_token [none]
[debug] [2024-12-02T15:01:15.883Z] >>> [apiv2][body] POST https://github.com/login/oauth/access_token [stream]
[debug] [2024-12-02T15:01:16.446Z] <<< [apiv2][status] POST https://github.com/login/oauth/access_token 200
[debug] [2024-12-02T15:01:16.446Z] <<< [apiv2][body] POST https://github.com/login/oauth/access_token {"access_token":"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","token_type":"bearer","scope":"read:user,repo"}
[debug] [2024-12-02T15:01:16.466Z] >>> [apiv2][query] GET https://api.github.com/user [none]
[debug] [2024-12-02T15:01:17.267Z] <<< [apiv2][status] GET https://api.github.com/user 200
[debug] [2024-12-02T15:01:17.267Z] <<< [apiv2][body] GET https://api.github.com/user {"login":"Ahmad-Alhindy","id":184100092,"node_id":"U_kgDOCvkk_A","avatar_url":"https://avatars.githubusercontent.com/u/184100092?v=4","gravatar_id":"","url":"https://api.github.com/users/Ahmad-Alhindy","html_url":"https://github.com/Ahmad-Alhindy","followers_url":"https://api.github.com/users/Ahmad-Alhindy/followers","following_url":"https://api.github.com/users/Ahmad-Alhindy/following{/other_user}","gists_url":"https://api.github.com/users/Ahmad-Alhindy/gists{/gist_id}","starred_url":"https://api.github.com/users/Ahmad-Alhindy/starred{/owner}{/repo}","subscriptions_url":"https://api.github.com/users/Ahmad-Alhindy/subscriptions","organizations_url":"https://api.github.com/users/Ahmad-Alhindy/orgs","repos_url":"https://api.github.com/users/Ahmad-Alhindy/repos","events_url":"https://api.github.com/users/Ahmad-Alhindy/events{/privacy}","received_events_url":"https://api.github.com/users/Ahmad-Alhindy/received_events","type":"User","user_view_type":"private","site_admin":false,"name":"Ahmad Alhindy","company":null,"blog":"","location":null,"email":null,"hireable":null,"bio":null,"twitter_username":null,"notification_email":null,"public_repos":3,"public_gists":0,"followers":0,"following":0,"created_at":"2024-10-07T10:07:18Z","updated_at":"2024-11-25T14:20:00Z","private_gists":0,"total_private_repos":1,"owned_private_repos":1,"disk_usage":868,"collaborators":0,"two_factor_authentication":true,"plan":{"name":"pro","space":976562499,"collaborators":0,"private_repos":9999}}
[info] 
[info] +  Success! Logged into GitHub as Ahmad-Alhindy 
[info] 
